<?xml version="1.0" encoding="UTF-8"?>
<testsuite name="Model.LevelTests" tests="2" skipped="0" failures="0" errors="0" timestamp="2020-04-21T08:16:16" hostname="WB-01389" time="0.608">
  <properties/>
  <testcase name="getLinesShouldReturnOneLine" classname="Model.LevelTests" time="0.608"/>
  <testcase name="getLinesShouldReturnEmptyLevel" classname="Model.LevelTests" time="0.0"/>
  <system-out><![CDATA[]]></system-out>
  <system-err><![CDATA[]]></system-err>
</testsuite>
