<?xml version="1.0" encoding="UTF-8"?>
<testsuite name="AppTests" tests="1" skipped="0" failures="0" errors="0" timestamp="2020-04-21T08:16:16" hostname="WB-01389" time="0.001">
  <properties/>
  <testcase name="StartShouldCallStart" classname="AppTests" time="0.001"/>
  <system-out><![CDATA[]]></system-out>
  <system-err><![CDATA[]]></system-err>
</testsuite>
