<?xml version="1.0" encoding="UTF-8"?>
<testsuite name="View.CameraTests" tests="2" skipped="0" failures="0" errors="0" timestamp="2020-04-21T08:16:17" hostname="WB-01389" time="0.004">
  <properties/>
  <testcase name="shouldScale" classname="View.CameraTests" time="0.003"/>
  <testcase name="shouldTranslate" classname="View.CameraTests" time="0.0"/>
  <system-out><![CDATA[]]></system-out>
  <system-err><![CDATA[]]></system-err>
</testsuite>
